

Started GET "/" for 127.0.0.1 at Thu Jul 04 18:30:46 +0530 2013
Processing by HomeController#index as HTML
  Rendered home/index.erb within layouts/application (1.1ms)
Completed 200 OK in 7ms (Views: 6.6ms)


Started GET "/" for 127.0.0.1 at Thu Jul 04 18:33:39 +0530 2013
Processing by HomeController#index as HTML
  Rendered home/index.erb within layouts/application (0.4ms)
Completed 200 OK in 2ms (Views: 2.2ms)


Started GET "/" for 127.0.0.1 at Thu Jul 04 18:34:35 +0530 2013
Processing by HomeController#index as HTML
  Rendered home/index.erb within layouts/application (0.4ms)
Completed 200 OK in 3ms (Views: 2.5ms)


Started GET "/" for 127.0.0.1 at Thu Jul 04 18:34:54 +0530 2013
Processing by HomeController#index as HTML
  Rendered home/index.erb within layouts/application (0.1ms)
Completed 200 OK in 4ms (Views: 3.7ms)


Started GET "/" for 127.0.0.1 at Thu Jul 04 18:37:04 +0530 2013
Processing by HomeController#index as HTML
  Rendered home/index.erb within layouts/application (0.3ms)
Completed 200 OK in 3ms (Views: 3.0ms)


Started GET "/" for 127.0.0.1 at Thu Jul 04 18:37:34 +0530 2013
Processing by HomeController#index as HTML
  Rendered home/index.erb within layouts/application (0.3ms)
Completed 200 OK in 2ms (Views: 2.0ms)


Started GET "/" for 127.0.0.1 at Thu Jul 04 18:37:56 +0530 2013
Processing by HomeController#index as HTML
  Rendered home/index.erb within layouts/application (0.4ms)
Completed 200 OK in 3ms (Views: 2.9ms)


Started GET "/" for 127.0.0.1 at Thu Jul 04 18:38:36 +0530 2013
Processing by HomeController#index as HTML
  Rendered home/index.erb within layouts/application (0.5ms)
Completed 200 OK in 4ms (Views: 3.6ms)


Started GET "/" for 127.0.0.1 at Thu Jul 04 18:39:27 +0530 2013
Processing by HomeController#index as HTML
  Rendered home/index.erb within layouts/application (0.4ms)
Completed 200 OK in 2ms (Views: 2.1ms)


Started GET "/" for 127.0.0.1 at Thu Jul 04 18:53:34 +0530 2013
Processing by HomeController#index as HTML
  Rendered home/index.erb within layouts/application (0.6ms)
Completed 200 OK in 4ms (Views: 3.8ms)


Started GET "/" for 127.0.0.1 at Thu Jul 04 18:54:47 +0530 2013
Processing by HomeController#index as HTML
  Rendered home/index.erb within layouts/application (0.3ms)
Completed 200 OK in 2ms (Views: 2.0ms)


Started GET "/" for 127.0.0.1 at Thu Jul 04 18:55:28 +0530 2013
Processing by HomeController#index as HTML
  Rendered home/index.erb within layouts/application (0.6ms)
Completed 200 OK in 3ms (Views: 2.7ms)


Started GET "/" for 127.0.0.1 at Thu Jul 04 18:57:20 +0530 2013
Processing by HomeController#index as HTML
  Rendered home/index.erb within layouts/application (0.6ms)
Completed 200 OK in 4ms (Views: 3.7ms)


Started GET "/" for 127.0.0.1 at Thu Jul 04 18:57:30 +0530 2013
Processing by HomeController#index as HTML
  Rendered home/index.erb within layouts/application (0.1ms)
Completed 200 OK in 3ms (Views: 2.5ms)


Started GET "/" for 127.0.0.1 at Thu Jul 04 18:58:38 +0530 2013
Processing by HomeController#index as HTML
  Rendered home/index.erb within layouts/application (0.4ms)
Completed 200 OK in 2ms (Views: 1.9ms)


Started GET "/" for 127.0.0.1 at Thu Jul 04 18:59:09 +0530 2013
Processing by HomeController#index as HTML
  Rendered home/index.erb within layouts/application (0.4ms)
Completed 200 OK in 2ms (Views: 2.0ms)


Started GET "/" for 127.0.0.1 at Thu Jul 04 18:59:26 +0530 2013
Processing by HomeController#index as HTML
  Rendered home/index.erb within layouts/application (0.1ms)
Completed 200 OK in 2ms (Views: 2.3ms)


Started GET "/" for 127.0.0.1 at Thu Jul 04 19:01:04 +0530 2013
Processing by HomeController#index as HTML
  Rendered home/index.erb within layouts/application (0.4ms)
Completed 200 OK in 3ms (Views: 2.3ms)


Started GET "/" for 127.0.0.1 at Thu Jul 04 19:01:19 +0530 2013
Processing by HomeController#index as HTML
  Rendered home/index.erb within layouts/application (0.1ms)
Completed 200 OK in 3ms (Views: 3.1ms)


Started GET "/" for 127.0.0.1 at Thu Jul 04 19:02:10 +0530 2013
Processing by HomeController#index as HTML
  Rendered home/index.erb within layouts/application (0.6ms)
Completed 200 OK in 4ms (Views: 3.9ms)


Started GET "/js/jquery-1.8.3.min" for 127.0.0.1 at Thu Jul 04 19:02:11 +0530 2013

ActionController::RoutingError (No route matches [GET] "/js/jquery-1.8.3.min"):
  actionpack (3.2.13) lib/action_dispatch/middleware/debug_exceptions.rb:21:in `call'
  actionpack (3.2.13) lib/action_dispatch/middleware/show_exceptions.rb:56:in `call'
  railties (3.2.13) lib/rails/rack/logger.rb:32:in `call_app'
  railties (3.2.13) lib/rails/rack/logger.rb:16:in `call'
  activesupport (3.2.13) lib/active_support/tagged_logging.rb:22:in `tagged'
  railties (3.2.13) lib/rails/rack/logger.rb:16:in `call'
  actionpack (3.2.13) lib/action_dispatch/middleware/request_id.rb:22:in `call'
  rack (1.4.5) lib/rack/methodoverride.rb:21:in `call'
  rack (1.4.5) lib/rack/runtime.rb:17:in `call'
  activesupport (3.2.13) lib/active_support/cache/strategy/local_cache.rb:72:in `call'
  rack (1.4.5) lib/rack/lock.rb:15:in `call'
  actionpack (3.2.13) lib/action_dispatch/middleware/static.rb:63:in `call'
  railties (3.2.13) lib/rails/engine.rb:479:in `call'
  railties (3.2.13) lib/rails/application.rb:223:in `call'
  rack (1.4.5) lib/rack/content_length.rb:14:in `call'
  railties (3.2.13) lib/rails/rack/log_tailer.rb:17:in `call'
  rack (1.4.5) lib/rack/handler/webrick.rb:59:in `service'
  /usr/lib/ruby/1.8/webrick/httpserver.rb:104:in `service'
  /usr/lib/ruby/1.8/webrick/httpserver.rb:65:in `run'
  /usr/lib/ruby/1.8/webrick/server.rb:173:in `start_thread'
  /usr/lib/ruby/1.8/webrick/server.rb:162:in `start'
  /usr/lib/ruby/1.8/webrick/server.rb:162:in `start_thread'
  /usr/lib/ruby/1.8/webrick/server.rb:95:in `start'
  /usr/lib/ruby/1.8/webrick/server.rb:92:in `each'
  /usr/lib/ruby/1.8/webrick/server.rb:92:in `start'
  /usr/lib/ruby/1.8/webrick/server.rb:23:in `start'
  /usr/lib/ruby/1.8/webrick/server.rb:82:in `start'
  rack (1.4.5) lib/rack/handler/webrick.rb:13:in `run'
  rack (1.4.5) lib/rack/server.rb:268:in `start'
  railties (3.2.13) lib/rails/commands/server.rb:70:in `start'
  railties (3.2.13) lib/rails/commands.rb:55
  railties (3.2.13) lib/rails/commands.rb:50:in `tap'
  railties (3.2.13) lib/rails/commands.rb:50
  script/rails:6:in `require'
  script/rails:6
  -e:1:in `load'
  -e:1


  Rendered /var/lib/gems/1.8/gems/actionpack-3.2.13/lib/action_dispatch/middleware/templates/rescues/routing_error.erb within rescues/layout (0.6ms)


Started GET "/" for 127.0.0.1 at Thu Jul 04 19:02:46 +0530 2013
Processing by HomeController#index as HTML
  Rendered home/index.erb within layouts/application (0.3ms)
Completed 200 OK in 2ms (Views: 2.1ms)


Started GET "/js/jquery-1.8.3.min" for 127.0.0.1 at Thu Jul 04 19:02:46 +0530 2013

ActionController::RoutingError (No route matches [GET] "/js/jquery-1.8.3.min"):
  actionpack (3.2.13) lib/action_dispatch/middleware/debug_exceptions.rb:21:in `call'
  actionpack (3.2.13) lib/action_dispatch/middleware/show_exceptions.rb:56:in `call'
  railties (3.2.13) lib/rails/rack/logger.rb:32:in `call_app'
  railties (3.2.13) lib/rails/rack/logger.rb:16:in `call'
  activesupport (3.2.13) lib/active_support/tagged_logging.rb:22:in `tagged'
  railties (3.2.13) lib/rails/rack/logger.rb:16:in `call'
  actionpack (3.2.13) lib/action_dispatch/middleware/request_id.rb:22:in `call'
  rack (1.4.5) lib/rack/methodoverride.rb:21:in `call'
  rack (1.4.5) lib/rack/runtime.rb:17:in `call'
  activesupport (3.2.13) lib/active_support/cache/strategy/local_cache.rb:72:in `call'
  rack (1.4.5) lib/rack/lock.rb:15:in `call'
  actionpack (3.2.13) lib/action_dispatch/middleware/static.rb:63:in `call'
  railties (3.2.13) lib/rails/engine.rb:479:in `call'
  railties (3.2.13) lib/rails/application.rb:223:in `call'
  rack (1.4.5) lib/rack/content_length.rb:14:in `call'
  railties (3.2.13) lib/rails/rack/log_tailer.rb:17:in `call'
  rack (1.4.5) lib/rack/handler/webrick.rb:59:in `service'
  /usr/lib/ruby/1.8/webrick/httpserver.rb:104:in `service'
  /usr/lib/ruby/1.8/webrick/httpserver.rb:65:in `run'
  /usr/lib/ruby/1.8/webrick/server.rb:173:in `start_thread'
  /usr/lib/ruby/1.8/webrick/server.rb:162:in `start'
  /usr/lib/ruby/1.8/webrick/server.rb:162:in `start_thread'
  /usr/lib/ruby/1.8/webrick/server.rb:95:in `start'
  /usr/lib/ruby/1.8/webrick/server.rb:92:in `each'
  /usr/lib/ruby/1.8/webrick/server.rb:92:in `start'
  /usr/lib/ruby/1.8/webrick/server.rb:23:in `start'
  /usr/lib/ruby/1.8/webrick/server.rb:82:in `start'
  rack (1.4.5) lib/rack/handler/webrick.rb:13:in `run'
  rack (1.4.5) lib/rack/server.rb:268:in `start'
  railties (3.2.13) lib/rails/commands/server.rb:70:in `start'
  railties (3.2.13) lib/rails/commands.rb:55
  railties (3.2.13) lib/rails/commands.rb:50:in `tap'
  railties (3.2.13) lib/rails/commands.rb:50
  script/rails:6:in `require'
  script/rails:6
  -e:1:in `load'
  -e:1


  Rendered /var/lib/gems/1.8/gems/actionpack-3.2.13/lib/action_dispatch/middleware/templates/rescues/routing_error.erb within rescues/layout (0.6ms)


Started GET "/" for 127.0.0.1 at Thu Jul 04 19:02:55 +0530 2013
Processing by HomeController#index as HTML
  Rendered home/index.erb within layouts/application (0.1ms)
Completed 200 OK in 57ms (Views: 56.6ms)


Started GET "/js/jquery-1.8.3.min" for 127.0.0.1 at Thu Jul 04 19:02:55 +0530 2013

ActionController::RoutingError (No route matches [GET] "/js/jquery-1.8.3.min"):
  actionpack (3.2.13) lib/action_dispatch/middleware/debug_exceptions.rb:21:in `call'
  actionpack (3.2.13) lib/action_dispatch/middleware/show_exceptions.rb:56:in `call'
  railties (3.2.13) lib/rails/rack/logger.rb:32:in `call_app'
  railties (3.2.13) lib/rails/rack/logger.rb:16:in `call'
  activesupport (3.2.13) lib/active_support/tagged_logging.rb:22:in `tagged'
  railties (3.2.13) lib/rails/rack/logger.rb:16:in `call'
  actionpack (3.2.13) lib/action_dispatch/middleware/request_id.rb:22:in `call'
  rack (1.4.5) lib/rack/methodoverride.rb:21:in `call'
  rack (1.4.5) lib/rack/runtime.rb:17:in `call'
  activesupport (3.2.13) lib/active_support/cache/strategy/local_cache.rb:72:in `call'
  rack (1.4.5) lib/rack/lock.rb:15:in `call'
  actionpack (3.2.13) lib/action_dispatch/middleware/static.rb:63:in `call'
  railties (3.2.13) lib/rails/engine.rb:479:in `call'
  railties (3.2.13) lib/rails/application.rb:223:in `call'
  rack (1.4.5) lib/rack/content_length.rb:14:in `call'
  railties (3.2.13) lib/rails/rack/log_tailer.rb:17:in `call'
  rack (1.4.5) lib/rack/handler/webrick.rb:59:in `service'
  /usr/lib/ruby/1.8/webrick/httpserver.rb:104:in `service'
  /usr/lib/ruby/1.8/webrick/httpserver.rb:65:in `run'
  /usr/lib/ruby/1.8/webrick/server.rb:173:in `start_thread'
  /usr/lib/ruby/1.8/webrick/server.rb:162:in `start'
  /usr/lib/ruby/1.8/webrick/server.rb:162:in `start_thread'
  /usr/lib/ruby/1.8/webrick/server.rb:95:in `start'
  /usr/lib/ruby/1.8/webrick/server.rb:92:in `each'
  /usr/lib/ruby/1.8/webrick/server.rb:92:in `start'
  /usr/lib/ruby/1.8/webrick/server.rb:23:in `start'
  /usr/lib/ruby/1.8/webrick/server.rb:82:in `start'
  rack (1.4.5) lib/rack/handler/webrick.rb:13:in `run'
  rack (1.4.5) lib/rack/server.rb:268:in `start'
  railties (3.2.13) lib/rails/commands/server.rb:70:in `start'
  railties (3.2.13) lib/rails/commands.rb:55
  railties (3.2.13) lib/rails/commands.rb:50:in `tap'
  railties (3.2.13) lib/rails/commands.rb:50
  script/rails:6:in `require'
  script/rails:6
  -e:1:in `load'
  -e:1


  Rendered /var/lib/gems/1.8/gems/actionpack-3.2.13/lib/action_dispatch/middleware/templates/rescues/routing_error.erb within rescues/layout (0.8ms)


Started GET "/" for 127.0.0.1 at Thu Jul 04 19:03:15 +0530 2013
Processing by HomeController#index as HTML
  Rendered home/index.erb within layouts/application (0.4ms)
Completed 200 OK in 4ms (Views: 3.7ms)


Started GET "/" for 127.0.0.1 at Thu Jul 04 19:03:59 +0530 2013
Processing by HomeController#index as HTML
  Rendered home/index.erb within layouts/application (0.5ms)
Completed 200 OK in 3ms (Views: 2.8ms)


Started GET "/" for 127.0.0.1 at Thu Jul 04 19:04:06 +0530 2013
Processing by HomeController#index as HTML
  Rendered home/index.erb within layouts/application (0.1ms)
Completed 200 OK in 3ms (Views: 2.8ms)


Started GET "/" for 127.0.0.1 at Thu Jul 04 19:04:35 +0530 2013
Processing by HomeController#index as HTML
  Rendered home/index.erb within layouts/application (0.5ms)
Completed 200 OK in 3ms (Views: 3.0ms)


Started GET "/" for 127.0.0.1 at Thu Jul 04 19:04:43 +0530 2013
Processing by HomeController#index as HTML
  Rendered home/index.erb within layouts/application (0.1ms)
Completed 200 OK in 3ms (Views: 2.4ms)


Started GET "/" for 127.0.0.1 at Thu Jul 04 19:09:43 +0530 2013
Processing by HomeController#index as HTML
  Rendered home/index.erb within layouts/application (0.4ms)
Completed 200 OK in 2ms (Views: 2.1ms)


Started GET "/" for 127.0.0.1 at Thu Jul 04 19:11:27 +0530 2013
Processing by HomeController#index as HTML
  Rendered home/index.erb within layouts/application (0.7ms)
Completed 200 OK in 5ms (Views: 4.8ms)


Started GET "/" for 127.0.0.1 at Thu Jul 04 19:12:28 +0530 2013
Processing by HomeController#index as HTML
  Rendered home/index.erb within layouts/application (0.6ms)
Completed 200 OK in 4ms (Views: 3.4ms)


Started GET "/" for 127.0.0.1 at Thu Jul 04 19:12:49 +0530 2013
Processing by HomeController#index as HTML
  Rendered home/index.erb within layouts/application (0.7ms)
Completed 200 OK in 4ms (Views: 4.1ms)


Started GET "/" for 127.0.0.1 at Thu Jul 04 19:15:07 +0530 2013
Processing by HomeController#index as HTML
  Rendered home/index.erb within layouts/application (0.4ms)
Completed 200 OK in 2ms (Views: 2.3ms)


Started GET "/" for 127.0.0.1 at Thu Jul 04 19:15:16 +0530 2013
Processing by HomeController#index as HTML
  Rendered home/index.erb within layouts/application (0.1ms)
Completed 200 OK in 2ms (Views: 2.3ms)


Started GET "/" for 127.0.0.1 at Thu Jul 04 19:15:56 +0530 2013
Processing by HomeController#index as HTML
  Rendered home/index.erb within layouts/application (0.4ms)
Completed 200 OK in 3ms (Views: 2.2ms)


Started GET "/" for 127.0.0.1 at Thu Jul 04 19:16:08 +0530 2013
Processing by HomeController#index as HTML
  Rendered home/index.erb within layouts/application (0.6ms)
Completed 200 OK in 58ms (Views: 57.9ms)


Started GET "/" for 127.0.0.1 at Thu Jul 04 19:16:50 +0530 2013
Processing by HomeController#index as HTML
  Rendered home/index.erb within layouts/application (0.4ms)
Completed 200 OK in 2ms (Views: 2.2ms)


Started GET "/" for 127.0.0.1 at Thu Jul 04 19:16:58 +0530 2013
Processing by HomeController#index as HTML
  Rendered home/index.erb within layouts/application (0.4ms)
Completed 200 OK in 3ms (Views: 2.4ms)


Started GET "/" for 127.0.0.1 at Thu Jul 04 19:30:45 +0530 2013
Processing by HomeController#index as HTML
  Rendered home/index.erb within layouts/application (0.4ms)
Completed 200 OK in 2ms (Views: 1.9ms)


Started GET "/" for 127.0.0.1 at Thu Jul 04 19:31:28 +0530 2013
Processing by HomeController#index as HTML
  Rendered home/index.erb within layouts/application (0.5ms)
Completed 200 OK in 3ms (Views: 2.8ms)


Started GET "/" for 127.0.0.1 at Thu Jul 04 19:33:06 +0530 2013
Processing by HomeController#index as HTML
  Rendered home/index.erb within layouts/application (0.4ms)
Completed 200 OK in 3ms (Views: 2.5ms)


Started GET "/" for 127.0.0.1 at Thu Jul 04 19:33:41 +0530 2013
Processing by HomeController#index as HTML
  Rendered home/index.erb within layouts/application (0.1ms)
Completed 200 OK in 3ms (Views: 3.1ms)


Started GET "/" for 127.0.0.1 at Thu Jul 04 19:35:38 +0530 2013
Processing by HomeController#index as HTML
  Rendered home/index.erb within layouts/application (0.5ms)
Completed 200 OK in 5ms (Views: 4.5ms)


Started GET "/" for 127.0.0.1 at Thu Jul 04 19:37:03 +0530 2013
Processing by HomeController#index as HTML
  Rendered home/index.erb within layouts/application (0.0ms)
Completed 200 OK in 2ms (Views: 1.6ms)


Started GET "/" for 127.0.0.1 at Thu Jul 04 19:39:36 +0530 2013
Processing by HomeController#index as HTML
  Rendered home/index.erb within layouts/application (0.5ms)
Completed 200 OK in 5ms (Views: 4.8ms)


Started GET "/" for 127.0.0.1 at Thu Jul 04 19:39:41 +0530 2013
Processing by HomeController#index as HTML
  Rendered home/index.erb within layouts/application (0.1ms)
Completed 200 OK in 3ms (Views: 2.4ms)


Started GET "/" for 127.0.0.1 at Thu Jul 04 19:39:55 +0530 2013
Processing by HomeController#index as HTML
  Rendered home/index.erb within layouts/application (0.1ms)
Completed 200 OK in 5ms (Views: 4.2ms)


Started GET "/" for 127.0.0.1 at Thu Jul 04 19:40:11 +0530 2013
Processing by HomeController#index as HTML
  Rendered home/index.erb within layouts/application (0.1ms)
Completed 200 OK in 2ms (Views: 1.8ms)


Started GET "/" for 127.0.0.1 at Thu Jul 04 19:40:47 +0530 2013
Processing by HomeController#index as HTML
  Rendered home/index.erb within layouts/application (0.5ms)
Completed 200 OK in 50ms (Views: 49.4ms)


Started GET "/" for 127.0.0.1 at Thu Jul 04 19:41:44 +0530 2013
Processing by HomeController#index as HTML
  Rendered home/index.erb within layouts/application (0.4ms)
Completed 200 OK in 3ms (Views: 2.3ms)


Started GET "/" for 127.0.0.1 at Thu Jul 04 19:42:58 +0530 2013
Processing by HomeController#index as HTML
  Rendered home/index.erb within layouts/application (0.4ms)
Completed 200 OK in 2ms (Views: 2.1ms)


Started GET "/" for 127.0.0.1 at Thu Jul 04 19:43:31 +0530 2013
Processing by HomeController#index as HTML
  Rendered home/index.erb within layouts/application (0.6ms)
Completed 200 OK in 4ms (Views: 3.3ms)


Started GET "/" for 127.0.0.1 at Thu Jul 04 19:43:56 +0530 2013
Processing by HomeController#index as HTML
  Rendered home/index.erb within layouts/application (0.4ms)
Completed 200 OK in 3ms (Views: 2.7ms)


Started GET "/" for 127.0.0.1 at Thu Jul 04 19:44:54 +0530 2013
Processing by HomeController#index as HTML
  Rendered home/index.erb within layouts/application (0.5ms)
Completed 200 OK in 3ms (Views: 3.0ms)


Started GET "/" for 127.0.0.1 at Thu Jul 04 19:46:17 +0530 2013
Processing by HomeController#index as HTML
  Rendered home/index.erb within layouts/application (0.4ms)
Completed 200 OK in 2ms (Views: 2.2ms)


Started GET "/" for 127.0.0.1 at Thu Jul 04 19:47:06 +0530 2013
Processing by HomeController#index as HTML
  Rendered home/index.erb within layouts/application (0.4ms)
Completed 200 OK in 2ms (Views: 2.2ms)


Started GET "/" for 127.0.0.1 at Thu Jul 04 19:47:22 +0530 2013
Processing by HomeController#index as HTML
  Rendered home/index.erb within layouts/application (0.1ms)
Completed 200 OK in 3ms (Views: 2.6ms)


Started GET "/" for 127.0.0.1 at Thu Jul 04 19:48:37 +0530 2013
Processing by HomeController#index as HTML
  Rendered home/index.erb within layouts/application (0.4ms)
Completed 200 OK in 3ms (Views: 2.4ms)


Started GET "/" for 127.0.0.1 at Thu Jul 04 19:48:58 +0530 2013
Processing by HomeController#index as HTML
  Rendered home/index.erb within layouts/application (0.1ms)
Completed 200 OK in 4ms (Views: 3.4ms)


Started GET "/" for 127.0.0.1 at Thu Jul 04 19:50:22 +0530 2013
Processing by HomeController#index as HTML
  Rendered home/index.erb within layouts/application (0.4ms)
Completed 200 OK in 3ms (Views: 2.4ms)


Started GET "/" for 127.0.0.1 at Thu Jul 04 19:50:32 +0530 2013
Processing by HomeController#index as HTML
  Rendered home/index.erb within layouts/application (0.1ms)
Completed 200 OK in 3ms (Views: 2.6ms)


Started GET "/" for 127.0.0.1 at Thu Jul 04 19:51:10 +0530 2013
Processing by HomeController#index as HTML
  Rendered home/index.erb within layouts/application (0.6ms)
Completed 200 OK in 4ms (Views: 3.4ms)


Started GET "/" for 127.0.0.1 at Thu Jul 04 19:52:19 +0530 2013
Processing by HomeController#index as HTML
  Rendered home/index.erb within layouts/application (0.7ms)
Completed 200 OK in 5ms (Views: 4.3ms)


Started GET "/" for 127.0.0.1 at Thu Jul 04 19:52:55 +0530 2013
Processing by HomeController#index as HTML
  Rendered home/index.erb within layouts/application (0.6ms)
Completed 200 OK in 3ms (Views: 3.0ms)


Started GET "/" for 127.0.0.1 at Thu Jul 04 19:55:17 +0530 2013
Processing by HomeController#index as HTML
  Rendered home/index.erb within layouts/application (0.1ms)
Completed 200 OK in 3ms (Views: 3.1ms)


Started GET "/" for 127.0.0.1 at Thu Jul 04 19:56:59 +0530 2013
Processing by HomeController#index as HTML
  Rendered home/index.erb within layouts/application (0.5ms)
Completed 200 OK in 4ms (Views: 3.9ms)


Started GET "/" for 127.0.0.1 at Thu Jul 04 19:59:20 +0530 2013
Processing by HomeController#index as HTML
  Rendered home/index.erb within layouts/application (0.1ms)
Completed 200 OK in 2ms (Views: 1.8ms)


Started GET "/" for 127.0.0.1 at Thu Jul 04 19:59:46 +0530 2013
Processing by HomeController#index as HTML
  Rendered home/index.erb within layouts/application (0.7ms)
Completed 200 OK in 4ms (Views: 3.6ms)


Started GET "/" for 127.0.0.1 at Thu Jul 04 20:00:07 +0530 2013
Processing by HomeController#index as HTML
  Rendered home/index.erb within layouts/application (0.1ms)
Completed 200 OK in 2ms (Views: 1.8ms)


Started GET "/" for 127.0.0.1 at Thu Jul 04 20:01:01 +0530 2013
Processing by HomeController#index as HTML
  Rendered home/index.erb within layouts/application (0.6ms)
Completed 200 OK in 3ms (Views: 2.9ms)


Started GET "/" for 127.0.0.1 at Thu Jul 04 20:01:27 +0530 2013
Processing by HomeController#index as HTML
  Rendered home/index.erb within layouts/application (0.1ms)
Completed 200 OK in 3ms (Views: 2.7ms)


Started GET "/" for 127.0.0.1 at Thu Jul 04 20:01:52 +0530 2013
Processing by HomeController#index as HTML
  Rendered home/index.erb within layouts/application (0.1ms)
Completed 200 OK in 3ms (Views: 2.5ms)


Started GET "/" for 127.0.0.1 at Thu Jul 04 20:02:25 +0530 2013
Processing by HomeController#index as HTML
  Rendered home/index.erb within layouts/application (0.4ms)
Completed 200 OK in 4ms (Views: 3.3ms)


Started GET "/" for 127.0.0.1 at Thu Jul 04 20:03:26 +0530 2013
Processing by HomeController#index as HTML
  Rendered home/index.erb within layouts/application (0.4ms)
Completed 200 OK in 2ms (Views: 2.1ms)


Started GET "/" for 127.0.0.1 at Thu Jul 04 20:08:43 +0530 2013
Processing by HomeController#index as HTML
  Rendered home/index.erb within layouts/application (0.0ms)
Completed 200 OK in 2ms (Views: 1.6ms)


Started GET "/" for 127.0.0.1 at Thu Jul 04 20:17:33 +0530 2013
Processing by HomeController#index as HTML
  Rendered home/index.erb within layouts/application (0.6ms)
Completed 200 OK in 3ms (Views: 2.9ms)


Started GET "/" for 127.0.0.1 at Thu Jul 04 20:18:37 +0530 2013
Processing by HomeController#index as HTML
  Rendered home/index.erb within layouts/application (0.4ms)
Completed 200 OK in 2ms (Views: 2.2ms)


Started GET "/" for 127.0.0.1 at Thu Jul 04 20:19:18 +0530 2013
Processing by HomeController#index as HTML
  Rendered home/index.erb within layouts/application (0.8ms)
Completed 200 OK in 5ms (Views: 4.8ms)


Started GET "/" for 127.0.0.1 at Thu Jul 04 21:09:46 +0530 2013
Processing by HomeController#index as HTML
  Rendered home/index.erb within layouts/application (0.4ms)
Completed 200 OK in 2ms (Views: 2.1ms)


Started GET "/" for 127.0.0.1 at Thu Jul 04 21:10:15 +0530 2013
Processing by HomeController#index as HTML
  Rendered home/index.erb within layouts/application (0.4ms)
Completed 200 OK in 2ms (Views: 2.1ms)


Started GET "/" for 127.0.0.1 at Thu Jul 04 21:10:33 +0530 2013
Processing by HomeController#index as HTML
  Rendered home/index.erb within layouts/application (0.4ms)
Completed 200 OK in 2ms (Views: 2.2ms)


Started GET "/" for 127.0.0.1 at Thu Jul 04 21:10:51 +0530 2013
Processing by HomeController#index as HTML
  Rendered home/index.erb within layouts/application (0.6ms)
Completed 200 OK in 4ms (Views: 3.3ms)


Started GET "/" for 127.0.0.1 at Thu Jul 04 21:11:00 +0530 2013
Processing by HomeController#index as HTML
  Rendered home/index.erb within layouts/application (0.4ms)
Completed 200 OK in 2ms (Views: 2.2ms)


Started GET "/" for 127.0.0.1 at Thu Jul 04 21:12:20 +0530 2013
Processing by HomeController#index as HTML
  Rendered home/index.erb within layouts/application (0.6ms)
Completed 200 OK in 4ms (Views: 3.4ms)


Started GET "/" for 127.0.0.1 at Thu Jul 04 21:13:25 +0530 2013
Processing by HomeController#index as HTML
  Rendered home/index.erb within layouts/application (0.6ms)
Completed 200 OK in 4ms (Views: 3.7ms)


Started GET "/" for 127.0.0.1 at Thu Jul 04 21:13:29 +0530 2013
Processing by HomeController#index as HTML
  Rendered home/index.erb within layouts/application (0.1ms)
Completed 200 OK in 2ms (Views: 2.1ms)


Started GET "/" for 127.0.0.1 at Thu Jul 04 21:15:20 +0530 2013
Processing by HomeController#index as HTML
  Rendered home/index.erb within layouts/application (0.6ms)
Completed 200 OK in 3ms (Views: 2.9ms)


Started GET "/" for 127.0.0.1 at Thu Jul 04 21:20:03 +0530 2013
Processing by HomeController#index as HTML
  Rendered home/index.erb within layouts/application (0.5ms)
Completed 200 OK in 3ms (Views: 2.7ms)


Started GET "/" for 127.0.0.1 at Thu Jul 04 21:21:37 +0530 2013
Processing by HomeController#index as HTML
  Rendered home/index.erb within layouts/application (0.1ms)
Completed 200 OK in 3ms (Views: 2.5ms)


Started GET "/" for 127.0.0.1 at Thu Jul 04 21:22:09 +0530 2013
Processing by HomeController#index as HTML
  Rendered home/index.erb within layouts/application (0.1ms)
Completed 200 OK in 3ms (Views: 2.5ms)


Started GET "/" for 127.0.0.1 at Thu Jul 04 23:28:58 +0530 2013
Processing by HomeController#index as HTML
  Rendered home/index.erb within layouts/application (0.6ms)
Completed 200 OK in 3ms (Views: 3.2ms)


Started GET "/" for 127.0.0.1 at Thu Jul 04 23:29:26 +0530 2013
Processing by HomeController#index as HTML
  Rendered home/index.erb within layouts/application (0.6ms)
Completed 200 OK in 4ms (Views: 3.5ms)


Started GET "/" for 127.0.0.1 at Thu Jul 04 23:29:40 +0530 2013
Processing by HomeController#index as HTML
  Rendered home/index.erb within layouts/application (0.6ms)
Completed 200 OK in 4ms (Views: 3.4ms)


Started GET "/" for 127.0.0.1 at Thu Jul 04 23:31:37 +0530 2013
Processing by HomeController#index as HTML
  Rendered home/index.erb within layouts/application (0.1ms)
Completed 200 OK in 58ms (Views: 11.4ms)


Started GET "/" for 127.0.0.1 at Thu Jul 04 23:32:51 +0530 2013
Processing by HomeController#index as HTML
  Rendered home/index.erb within layouts/application (0.1ms)
Completed 200 OK in 2ms (Views: 1.8ms)


Started GET "/" for 127.0.0.1 at Thu Jul 04 23:33:10 +0530 2013
Processing by HomeController#index as HTML
  Rendered home/index.erb within layouts/application (0.1ms)
Completed 200 OK in 2ms (Views: 1.7ms)


Started GET "/" for 127.0.0.1 at Thu Jul 04 23:37:07 +0530 2013
Processing by HomeController#index as HTML
  Rendered home/index.erb within layouts/application (0.1ms)
Completed 200 OK in 4ms (Views: 3.9ms)


Started GET "/" for 127.0.0.1 at Thu Jul 04 23:38:10 +0530 2013
Processing by HomeController#index as HTML
  Rendered home/index.erb within layouts/application (0.7ms)
Completed 200 OK in 4ms (Views: 3.8ms)


Started GET "/" for 127.0.0.1 at Thu Jul 04 23:38:27 +0530 2013
Processing by HomeController#index as HTML
  Rendered home/index.erb within layouts/application (0.1ms)
Completed 200 OK in 3ms (Views: 3.1ms)


Started GET "/" for 127.0.0.1 at Thu Jul 04 23:39:10 +0530 2013
Processing by HomeController#index as HTML
  Rendered home/index.erb within layouts/application (0.4ms)
Completed 200 OK in 3ms (Views: 2.6ms)


Started GET "/" for 127.0.0.1 at Thu Jul 04 23:39:28 +0530 2013
Processing by HomeController#index as HTML
  Rendered home/index.erb within layouts/application (0.1ms)
Completed 200 OK in 2ms (Views: 1.8ms)


Started GET "/" for 127.0.0.1 at Fri Jul 05 00:04:25 +0530 2013
Processing by HomeController#index as HTML
  Rendered home/index.erb within layouts/application (0.1ms)
Completed 200 OK in 3ms (Views: 2.9ms)


Started GET "/" for 127.0.0.1 at Fri Jul 05 00:04:42 +0530 2013
Processing by HomeController#index as HTML
  Rendered home/index.erb within layouts/application (0.1ms)
Completed 200 OK in 3ms (Views: 2.7ms)


Started GET "/" for 127.0.0.1 at Fri Jul 05 00:09:07 +0530 2013
Processing by HomeController#index as HTML
  Rendered home/index.erb within layouts/application (0.1ms)
Completed 200 OK in 3ms (Views: 2.6ms)


Started GET "/" for 127.0.0.1 at Fri Jul 05 00:10:58 +0530 2013
Processing by HomeController#index as HTML
  Rendered home/index.erb within layouts/application (0.1ms)
Completed 200 OK in 3ms (Views: 2.3ms)


Started GET "/" for 127.0.0.1 at Fri Jul 05 00:12:54 +0530 2013
Processing by HomeController#index as HTML
  Rendered home/index.erb within layouts/application (0.1ms)
Completed 200 OK in 2ms (Views: 1.8ms)


Started GET "/" for 127.0.0.1 at Fri Jul 05 00:13:01 +0530 2013
Processing by HomeController#index as HTML
  Rendered home/index.erb within layouts/application (0.0ms)
Completed 200 OK in 2ms (Views: 1.6ms)


Started GET "/" for 127.0.0.1 at Fri Jul 05 00:13:15 +0530 2013
Processing by HomeController#index as HTML
  Rendered home/index.erb within layouts/application (0.1ms)
Completed 200 OK in 4ms (Views: 3.9ms)


Started GET "/" for 127.0.0.1 at Fri Jul 05 00:17:22 +0530 2013
Processing by HomeController#index as HTML
  Rendered home/index.erb within layouts/application (0.1ms)
Completed 200 OK in 2ms (Views: 1.7ms)


Started GET "/" for 127.0.0.1 at Fri Jul 05 00:53:07 +0530 2013
Processing by HomeController#index as HTML
  Rendered home/index.erb within layouts/application (0.1ms)
Completed 200 OK in 3ms (Views: 2.5ms)


Started GET "/" for 127.0.0.1 at Fri Jul 05 09:38:34 +0530 2013
Processing by HomeController#index as HTML
  Rendered home/index.erb within layouts/application (1.9ms)
Completed 200 OK in 53ms (Views: 51.8ms)


Started GET "/" for 127.0.0.1 at Fri Jul 05 09:43:59 +0530 2013
Processing by HomeController#index as HTML
  Rendered home/index.erb within layouts/application (0.6ms)
Completed 200 OK in 4ms (Views: 3.5ms)


Started GET "/" for 127.0.0.1 at Fri Jul 05 09:45:10 +0530 2013
Processing by HomeController#index as HTML
  Rendered home/index.erb within layouts/application (0.7ms)
Completed 200 OK in 4ms (Views: 4.0ms)


Started GET "/" for 127.0.0.1 at Fri Jul 05 09:46:17 +0530 2013
Processing by HomeController#index as HTML
  Rendered home/index.erb within layouts/application (0.6ms)
Completed 200 OK in 3ms (Views: 3.0ms)


Started GET "/" for 127.0.0.1 at Fri Jul 05 09:46:41 +0530 2013
Processing by HomeController#index as HTML
  Rendered home/index.erb within layouts/application (0.0ms)
Completed 200 OK in 2ms (Views: 1.8ms)


Started GET "/" for 127.0.0.1 at Fri Jul 05 09:47:52 +0530 2013
Processing by HomeController#index as HTML
  Rendered home/index.erb within layouts/application (0.1ms)
Completed 200 OK in 2ms (Views: 1.9ms)


Started GET "/" for 127.0.0.1 at Fri Jul 05 09:48:09 +0530 2013
Processing by HomeController#index as HTML
  Rendered home/index.erb within layouts/application (0.1ms)
Completed 200 OK in 2ms (Views: 2.1ms)


Started GET "/" for 127.0.0.1 at Fri Jul 05 09:48:38 +0530 2013
Processing by HomeController#index as HTML
  Rendered home/index.erb within layouts/application (0.1ms)
Completed 200 OK in 2ms (Views: 1.9ms)


Started GET "/" for 127.0.0.1 at Fri Jul 05 09:48:52 +0530 2013
Processing by HomeController#index as HTML
  Rendered home/index.erb within layouts/application (0.0ms)
Completed 200 OK in 2ms (Views: 1.7ms)


Started GET "/" for 127.0.0.1 at Fri Jul 05 09:48:53 +0530 2013
Processing by HomeController#index as HTML
  Rendered home/index.erb within layouts/application (0.0ms)
Completed 200 OK in 2ms (Views: 1.8ms)


Started GET "/" for 127.0.0.1 at Fri Jul 05 09:49:05 +0530 2013
Processing by HomeController#index as HTML
  Rendered home/index.erb within layouts/application (0.1ms)
Completed 200 OK in 3ms (Views: 2.9ms)


Started GET "/" for 127.0.0.1 at Fri Jul 05 09:49:07 +0530 2013
Processing by HomeController#index as HTML
  Rendered home/index.erb within layouts/application (0.1ms)
Completed 200 OK in 2ms (Views: 2.0ms)


Started GET "/" for 127.0.0.1 at Fri Jul 05 09:50:36 +0530 2013
Processing by HomeController#index as HTML
  Rendered home/index.erb within layouts/application (0.1ms)
Completed 200 OK in 4ms (Views: 3.2ms)


Started GET "/" for 127.0.0.1 at Fri Jul 05 09:50:51 +0530 2013
Processing by HomeController#index as HTML
  Rendered home/index.erb within layouts/application (0.1ms)
Completed 200 OK in 4ms (Views: 3.4ms)


Started GET "/" for 127.0.0.1 at Fri Jul 05 09:51:11 +0530 2013
Processing by HomeController#index as HTML
  Rendered home/index.erb within layouts/application (0.0ms)
Completed 200 OK in 2ms (Views: 1.7ms)


Started GET "/" for 127.0.0.1 at Fri Jul 05 09:51:22 +0530 2013
Processing by HomeController#index as HTML
  Rendered home/index.erb within layouts/application (0.1ms)
Completed 200 OK in 3ms (Views: 3.0ms)


Started GET "/" for 127.0.0.1 at Fri Jul 05 09:51:38 +0530 2013
Processing by HomeController#index as HTML
  Rendered home/index.erb within layouts/application (0.1ms)
Completed 200 OK in 2ms (Views: 1.7ms)


Started GET "/" for 127.0.0.1 at Fri Jul 05 09:52:03 +0530 2013
Processing by HomeController#index as HTML
  Rendered home/index.erb within layouts/application (0.1ms)
Completed 200 OK in 2ms (Views: 1.7ms)


Started GET "/" for 127.0.0.1 at Fri Jul 05 09:52:33 +0530 2013
Processing by HomeController#index as HTML
  Rendered home/index.erb within layouts/application (0.0ms)
Completed 200 OK in 2ms (Views: 1.6ms)


Started GET "/" for 127.0.0.1 at Fri Jul 05 09:52:39 +0530 2013
Processing by HomeController#index as HTML
  Rendered home/index.erb within layouts/application (0.1ms)
Completed 200 OK in 58ms (Views: 57.6ms)


Started GET "/" for 127.0.0.1 at Fri Jul 05 09:54:07 +0530 2013
Processing by HomeController#index as HTML
  Rendered home/index.erb within layouts/application (0.1ms)
Completed 200 OK in 3ms (Views: 3.2ms)


Started GET "/" for 127.0.0.1 at Fri Jul 05 09:58:33 +0530 2013
Processing by HomeController#index as HTML
  Rendered home/index.erb within layouts/application (0.1ms)
Completed 200 OK in 2ms (Views: 2.1ms)


Started GET "/" for 127.0.0.1 at Fri Jul 05 09:58:58 +0530 2013
Processing by HomeController#index as HTML
  Rendered home/index.erb within layouts/application (0.1ms)
Completed 200 OK in 2ms (Views: 1.8ms)


Started GET "/" for 127.0.0.1 at Fri Jul 05 09:59:20 +0530 2013
Processing by HomeController#index as HTML
  Rendered home/index.erb within layouts/application (0.0ms)
Completed 200 OK in 2ms (Views: 1.6ms)


Started GET "/" for 127.0.0.1 at Fri Jul 05 09:59:41 +0530 2013
Processing by HomeController#index as HTML
  Rendered home/index.erb within layouts/application (0.1ms)
Completed 200 OK in 3ms (Views: 2.5ms)


Started GET "/" for 127.0.0.1 at Fri Jul 05 10:02:35 +0530 2013
Processing by HomeController#index as HTML
  Rendered home/index.erb within layouts/application (0.1ms)
Completed 200 OK in 3ms (Views: 2.6ms)


Started GET "/" for 127.0.0.1 at Fri Jul 05 10:02:42 +0530 2013
Processing by HomeController#index as HTML
  Rendered home/index.erb within layouts/application (0.1ms)
Completed 200 OK in 3ms (Views: 2.6ms)


Started GET "/" for 127.0.0.1 at Fri Jul 05 10:05:49 +0530 2013
Processing by HomeController#index as HTML
  Rendered home/index.erb within layouts/application (0.5ms)
Completed 200 OK in 3ms (Views: 2.6ms)


Started GET "/" for 127.0.0.1 at Fri Jul 05 10:06:36 +0530 2013
Processing by HomeController#index as HTML
  Rendered home/index.erb within layouts/application (0.1ms)
Completed 200 OK in 59ms (Views: 59.1ms)


Started GET "/" for 127.0.0.1 at Fri Jul 05 10:12:15 +0530 2013
Processing by HomeController#index as HTML
  Rendered home/index.erb within layouts/application (0.5ms)
Completed 200 OK in 2ms (Views: 2.2ms)


Started GET "/" for 127.0.0.1 at Fri Jul 05 10:12:33 +0530 2013
Processing by HomeController#index as HTML
  Rendered home/index.erb within layouts/application (0.4ms)
Completed 200 OK in 3ms (Views: 2.4ms)


Started GET "/" for 127.0.0.1 at Fri Jul 05 10:12:41 +0530 2013
Processing by HomeController#index as HTML
  Rendered home/index.erb within layouts/application (0.5ms)
Completed 200 OK in 3ms (Views: 2.6ms)


Started GET "/" for 127.0.0.1 at Fri Jul 05 10:16:04 +0530 2013
Processing by HomeController#index as HTML
  Rendered home/index.erb within layouts/application (1.0ms)
Completed 200 OK in 4ms (Views: 3.6ms)


Started GET "/" for 127.0.0.1 at Fri Jul 05 10:16:35 +0530 2013
Processing by HomeController#index as HTML
  Rendered home/index.erb within layouts/application (0.1ms)
Completed 200 OK in 3ms (Views: 2.7ms)


Started GET "/" for 127.0.0.1 at Fri Jul 05 10:17:27 +0530 2013
Processing by HomeController#index as HTML
  Rendered home/index.erb within layouts/application (0.1ms)
Completed 200 OK in 2ms (Views: 1.8ms)


Started GET "/" for 127.0.0.1 at Fri Jul 05 10:18:11 +0530 2013
Processing by HomeController#index as HTML
  Rendered home/index.erb within layouts/application (0.6ms)
Completed 200 OK in 3ms (Views: 3.1ms)


Started GET "/" for 127.0.0.1 at Fri Jul 05 10:18:23 +0530 2013
Processing by HomeController#index as HTML
  Rendered home/index.erb within layouts/application (0.0ms)
Completed 200 OK in 2ms (Views: 1.7ms)


Started GET "/" for 127.0.0.1 at Fri Jul 05 10:21:18 +0530 2013
Processing by HomeController#index as HTML
  Rendered home/index.erb within layouts/application (0.1ms)
Completed 200 OK in 3ms (Views: 2.7ms)


Started GET "/" for 127.0.0.1 at Fri Jul 05 10:21:33 +0530 2013
Processing by HomeController#index as HTML
  Rendered home/index.erb within layouts/application (0.1ms)
Completed 200 OK in 3ms (Views: 2.6ms)


Started GET "/" for 127.0.0.1 at Fri Jul 05 10:22:44 +0530 2013
Processing by HomeController#index as HTML
  Rendered home/index.erb within layouts/application (0.1ms)
Completed 200 OK in 2ms (Views: 2.2ms)


Started GET "/" for 127.0.0.1 at Fri Jul 05 10:23:53 +0530 2013
Processing by HomeController#index as HTML
  Rendered home/index.erb within layouts/application (0.1ms)
Completed 200 OK in 2ms (Views: 2.3ms)


Started GET "/" for 127.0.0.1 at Fri Jul 05 10:24:47 +0530 2013
Processing by HomeController#index as HTML
  Rendered home/index.erb within layouts/application (0.1ms)
Completed 200 OK in 3ms (Views: 2.8ms)


Started GET "/" for 127.0.0.1 at Fri Jul 05 10:24:52 +0530 2013
Processing by HomeController#index as HTML
  Rendered home/index.erb within layouts/application (0.1ms)
Completed 200 OK in 3ms (Views: 2.7ms)


Started GET "/" for 127.0.0.1 at Fri Jul 05 10:25:47 +0530 2013
Processing by HomeController#index as HTML
  Rendered home/index.erb within layouts/application (0.1ms)
Completed 200 OK in 4ms (Views: 3.2ms)


Started GET "/" for 127.0.0.1 at Fri Jul 05 10:28:30 +0530 2013
Processing by HomeController#index as HTML
  Rendered home/index.erb within layouts/application (0.6ms)
Completed 200 OK in 3ms (Views: 2.5ms)


Started GET "/" for 127.0.0.1 at Fri Jul 05 10:29:50 +0530 2013
Processing by HomeController#index as HTML
  Rendered home/index.erb within layouts/application (0.1ms)
Completed 200 OK in 2ms (Views: 2.1ms)


Started GET "/" for 127.0.0.1 at Fri Jul 05 10:30:32 +0530 2013
Processing by HomeController#index as HTML
  Rendered home/index.erb within layouts/application (0.1ms)
Completed 200 OK in 57ms (Views: 4.0ms)


Started GET "/" for 127.0.0.1 at Fri Jul 05 10:30:50 +0530 2013
Processing by HomeController#index as HTML
  Rendered home/index.erb within layouts/application (0.1ms)
Completed 200 OK in 2ms (Views: 2.1ms)


Started GET "/" for 127.0.0.1 at Fri Jul 05 10:47:51 +0530 2013
Processing by HomeController#index as HTML
  Rendered home/index.erb within layouts/application (0.4ms)
Completed 200 OK in 2ms (Views: 2.2ms)


Started GET "/" for 127.0.0.1 at Fri Jul 05 10:48:07 +0530 2013
Processing by HomeController#index as HTML
  Rendered home/index.erb within layouts/application (0.1ms)
Completed 200 OK in 2ms (Views: 2.2ms)


Started GET "/" for 127.0.0.1 at Fri Jul 05 10:48:23 +0530 2013
Processing by HomeController#index as HTML
  Rendered home/index.erb within layouts/application (0.5ms)
Completed 200 OK in 3ms (Views: 2.8ms)


Started GET "/" for 127.0.0.1 at Fri Jul 05 10:49:46 +0530 2013
Processing by HomeController#index as HTML
  Rendered home/index.erb within layouts/application (0.5ms)
Completed 200 OK in 4ms (Views: 3.5ms)


Started GET "/" for 127.0.0.1 at Fri Jul 05 10:49:52 +0530 2013
Processing by HomeController#index as HTML
  Rendered home/index.erb within layouts/application (0.1ms)
Completed 200 OK in 3ms (Views: 2.6ms)


Started GET "/" for 127.0.0.1 at Fri Jul 05 10:50:41 +0530 2013
Processing by HomeController#index as HTML
  Rendered home/index.erb within layouts/application (0.1ms)
Completed 200 OK in 3ms (Views: 3.1ms)


Started GET "/" for 127.0.0.1 at Fri Jul 05 10:50:45 +0530 2013
Processing by HomeController#index as HTML
  Rendered home/index.erb within layouts/application (0.1ms)
Completed 200 OK in 3ms (Views: 3.0ms)


Started GET "/" for 127.0.0.1 at Fri Jul 05 10:52:04 +0530 2013
Processing by HomeController#index as HTML
  Rendered home/index.erb within layouts/application (7.3ms)
Completed 200 OK in 57ms (Views: 56.3ms)


Started GET "/" for 127.0.0.1 at Fri Jul 05 10:52:29 +0530 2013
Processing by HomeController#index as HTML
  Rendered home/index.erb within layouts/application (0.1ms)
Completed 200 OK in 2ms (Views: 1.9ms)


Started GET "/" for 127.0.0.1 at Fri Jul 05 10:52:49 +0530 2013
Processing by HomeController#index as HTML
  Rendered home/index.erb within layouts/application (0.1ms)
Completed 200 OK in 3ms (Views: 2.8ms)


Started GET "/" for 127.0.0.1 at Fri Jul 05 10:53:28 +0530 2013
Processing by HomeController#index as HTML
  Rendered home/index.erb within layouts/application (0.1ms)
Completed 200 OK in 2ms (Views: 2.2ms)


Started GET "/" for 127.0.0.1 at Fri Jul 05 10:53:42 +0530 2013
Processing by HomeController#index as HTML
  Rendered home/index.erb within layouts/application (0.1ms)
Completed 200 OK in 3ms (Views: 2.9ms)


Started GET "/" for 127.0.0.1 at Fri Jul 05 10:53:53 +0530 2013
Processing by HomeController#index as HTML
  Rendered home/index.erb within layouts/application (0.1ms)
Completed 200 OK in 2ms (Views: 2.1ms)


Started GET "/" for 127.0.0.1 at Fri Jul 05 10:53:57 +0530 2013
Processing by HomeController#index as HTML
  Rendered home/index.erb within layouts/application (0.1ms)
Completed 200 OK in 2ms (Views: 1.8ms)


Started GET "/" for 127.0.0.1 at Fri Jul 05 18:35:15 +0530 2013
Processing by HomeController#index as HTML
  Rendered home/index.erb within layouts/application (1.6ms)
Completed 200 OK in 43ms (Views: 43.0ms)


Started GET "/" for 127.0.0.1 at Fri Jul 05 18:36:19 +0530 2013
Processing by HomeController#index as HTML
  Rendered home/index.erb within layouts/application (0.6ms)
Completed 200 OK in 3ms (Views: 3.0ms)


Started GET "/" for 127.0.0.1 at Fri Jul 05 18:36:42 +0530 2013
Processing by HomeController#index as HTML
  Rendered home/index.erb within layouts/application (0.7ms)
Completed 200 OK in 4ms (Views: 3.6ms)


Started GET "/" for 127.0.0.1 at Fri Jul 05 18:36:45 +0530 2013
Processing by HomeController#index as HTML
  Rendered home/index.erb within layouts/application (0.1ms)
Completed 200 OK in 2ms (Views: 2.2ms)


Started GET "/" for 127.0.0.1 at Fri Jul 05 18:37:23 +0530 2013
Processing by HomeController#index as HTML
  Rendered home/index.erb within layouts/application (0.4ms)
Completed 200 OK in 2ms (Views: 2.2ms)


Started GET "/" for 127.0.0.1 at Fri Jul 05 18:37:37 +0530 2013
Processing by HomeController#index as HTML
  Rendered home/index.erb within layouts/application (0.1ms)
Completed 200 OK in 2ms (Views: 2.1ms)


Started GET "/" for 127.0.0.1 at Fri Jul 05 18:38:01 +0530 2013
Processing by HomeController#index as HTML
  Rendered home/index.erb within layouts/application (1.2ms)
Completed 200 OK in 5ms (Views: 4.5ms)


Started GET "/" for 127.0.0.1 at Fri Jul 05 18:38:34 +0530 2013
Processing by HomeController#index as HTML
  Rendered home/index.erb within layouts/application (0.1ms)
Completed 200 OK in 3ms (Views: 2.4ms)


Started GET "/" for 127.0.0.1 at Fri Jul 05 18:38:59 +0530 2013
Processing by HomeController#index as HTML
  Rendered home/index.erb within layouts/application (0.1ms)
Completed 200 OK in 5ms (Views: 4.4ms)


Started GET "/" for 127.0.0.1 at Fri Jul 05 18:39:31 +0530 2013
Processing by HomeController#index as HTML
  Rendered home/index.erb within layouts/application (0.0ms)
Completed 200 OK in 2ms (Views: 1.7ms)


Started GET "/" for 127.0.0.1 at Fri Jul 05 18:39:54 +0530 2013
Processing by HomeController#index as HTML
  Rendered home/index.erb within layouts/application (0.1ms)
Completed 200 OK in 2ms (Views: 2.0ms)


Started GET "/" for 127.0.0.1 at Fri Jul 05 18:40:21 +0530 2013
Processing by HomeController#index as HTML
  Rendered home/index.erb within layouts/application (0.1ms)
Completed 200 OK in 3ms (Views: 3.2ms)


Started GET "/" for 127.0.0.1 at Fri Jul 05 18:42:28 +0530 2013
Processing by HomeController#index as HTML
  Rendered home/index.erb within layouts/application (0.1ms)
Completed 200 OK in 3ms (Views: 2.5ms)


Started GET "/" for 127.0.0.1 at Fri Jul 05 18:42:51 +0530 2013
Processing by HomeController#index as HTML
  Rendered home/index.erb within layouts/application (0.1ms)
Completed 200 OK in 2ms (Views: 1.9ms)


Started GET "/" for 127.0.0.1 at Fri Jul 05 18:43:19 +0530 2013
Processing by HomeController#index as HTML
  Rendered home/index.erb within layouts/application (0.1ms)
Completed 200 OK in 2ms (Views: 1.8ms)


Started GET "/" for 127.0.0.1 at Fri Jul 05 18:45:18 +0530 2013
Processing by HomeController#index as HTML
  Rendered home/index.erb within layouts/application (0.1ms)
Completed 200 OK in 2ms (Views: 2.1ms)


Started GET "/" for 127.0.0.1 at Fri Jul 05 18:47:04 +0530 2013
Processing by HomeController#index as HTML
  Rendered home/index.erb within layouts/application (0.0ms)
Completed 200 OK in 3ms (Views: 2.5ms)


Started GET "/" for 127.0.0.1 at Fri Jul 05 18:47:19 +0530 2013
Processing by HomeController#index as HTML
  Rendered home/index.erb within layouts/application (0.1ms)
Completed 200 OK in 2ms (Views: 1.8ms)


Started GET "/" for 127.0.0.1 at Fri Jul 05 18:49:41 +0530 2013
Processing by HomeController#index as HTML
  Rendered home/index.erb within layouts/application (0.1ms)
Completed 200 OK in 2ms (Views: 1.8ms)


Started GET "/" for 127.0.0.1 at Fri Jul 05 18:52:42 +0530 2013
Processing by HomeController#index as HTML
  Rendered home/index.erb within layouts/application (0.1ms)
Completed 200 OK in 2ms (Views: 1.8ms)


Started GET "/" for 127.0.0.1 at Fri Jul 05 18:52:59 +0530 2013
Processing by HomeController#index as HTML
  Rendered home/index.erb within layouts/application (0.1ms)
Completed 200 OK in 2ms (Views: 2.0ms)


Started GET "/" for 127.0.0.1 at Fri Jul 05 18:55:45 +0530 2013
Processing by HomeController#index as HTML
  Rendered home/index.erb within layouts/application (0.1ms)
Completed 200 OK in 2ms (Views: 2.1ms)


Started GET "/" for 127.0.0.1 at Fri Jul 05 19:01:19 +0530 2013
Processing by HomeController#index as HTML
  Rendered home/index.erb within layouts/application (0.1ms)
Completed 200 OK in 2ms (Views: 1.8ms)


Started GET "/" for 127.0.0.1 at Fri Jul 05 19:01:48 +0530 2013
Processing by HomeController#index as HTML
  Rendered home/index.erb within layouts/application (0.1ms)
Completed 200 OK in 3ms (Views: 2.9ms)


Started GET "/" for 127.0.0.1 at Fri Jul 05 19:01:57 +0530 2013
Processing by HomeController#index as HTML
  Rendered home/index.erb within layouts/application (0.0ms)
Completed 200 OK in 2ms (Views: 1.7ms)


Started GET "/" for 127.0.0.1 at Fri Jul 05 19:03:31 +0530 2013
Processing by HomeController#index as HTML
  Rendered home/index.erb within layouts/application (0.1ms)
Completed 200 OK in 2ms (Views: 2.1ms)


Started GET "/" for 127.0.0.1 at Fri Jul 05 19:03:36 +0530 2013
Processing by HomeController#index as HTML
  Rendered home/index.erb within layouts/application (0.1ms)
Completed 200 OK in 3ms (Views: 3.0ms)


Started GET "/" for 127.0.0.1 at Fri Jul 05 19:05:16 +0530 2013
Processing by HomeController#index as HTML
  Rendered home/index.erb within layouts/application (0.1ms)
Completed 200 OK in 2ms (Views: 1.8ms)


Started GET "/" for 127.0.0.1 at Fri Jul 05 19:05:33 +0530 2013
Processing by HomeController#index as HTML
  Rendered home/index.erb within layouts/application (0.1ms)
Completed 200 OK in 3ms (Views: 2.4ms)


Started GET "/" for 127.0.0.1 at Fri Jul 05 19:13:28 +0530 2013
Processing by HomeController#index as HTML
  Rendered home/index.erb within layouts/application (0.7ms)
Completed 200 OK in 4ms (Views: 3.6ms)


Started GET "/" for 127.0.0.1 at Fri Jul 05 19:15:07 +0530 2013
Processing by HomeController#index as HTML
  Rendered home/index.erb within layouts/application (0.0ms)
Completed 200 OK in 2ms (Views: 2.0ms)


Started GET "/" for 127.0.0.1 at Fri Jul 05 19:16:39 +0530 2013
Processing by HomeController#index as HTML
  Rendered home/index.erb within layouts/application (0.5ms)
Completed 200 OK in 56ms (Views: 10.2ms)


Started GET "/" for 127.0.0.1 at Fri Jul 05 19:17:38 +0530 2013
Processing by HomeController#index as HTML
  Rendered home/index.erb within layouts/application (0.1ms)
Completed 200 OK in 7ms (Views: 6.9ms)


Started GET "/" for 127.0.0.1 at Fri Jul 05 19:18:19 +0530 2013
Processing by HomeController#index as HTML
  Rendered home/index.erb within layouts/application (0.1ms)
Completed 200 OK in 2ms (Views: 1.8ms)


Started GET "/" for 127.0.0.1 at Fri Jul 05 19:20:14 +0530 2013
Processing by HomeController#index as HTML
  Rendered home/index.erb within layouts/application (0.1ms)
Completed 200 OK in 3ms (Views: 2.9ms)


Started GET "/" for 127.0.0.1 at Fri Jul 05 19:21:30 +0530 2013
Processing by HomeController#index as HTML
  Rendered home/index.erb within layouts/application (0.1ms)
Completed 200 OK in 3ms (Views: 2.5ms)


Started GET "/" for 127.0.0.1 at Fri Jul 05 19:22:04 +0530 2013
Processing by HomeController#index as HTML
  Rendered home/index.erb within layouts/application (0.1ms)
Completed 200 OK in 3ms (Views: 2.8ms)


Started GET "/" for 127.0.0.1 at Fri Jul 05 19:22:45 +0530 2013
Processing by HomeController#index as HTML
  Rendered home/index.erb within layouts/application (0.1ms)
Completed 200 OK in 3ms (Views: 3.0ms)


Started GET "/" for 127.0.0.1 at Fri Jul 05 19:24:59 +0530 2013
Processing by HomeController#index as HTML
  Rendered home/index.erb within layouts/application (0.1ms)
Completed 200 OK in 3ms (Views: 2.5ms)


Started GET "/" for 127.0.0.1 at Fri Jul 05 19:36:43 +0530 2013
Processing by HomeController#index as HTML
  Rendered home/index.erb within layouts/application (0.6ms)
Completed 200 OK in 3ms (Views: 3.2ms)


Started GET "/" for 127.0.0.1 at 2013-07-06 14:14:50 +0530
Processing by HomeController#index as HTML
  Rendered home/index.erb within layouts/application (4.0ms)
Completed 200 OK in 39ms (Views: 38.5ms)


Started GET "/" for 127.0.0.1 at 2013-07-06 14:22:16 +0530
Processing by HomeController#index as HTML
  Rendered home/index.erb within layouts/application (0.0ms)
Completed 200 OK in 1ms (Views: 1.4ms)


Started GET "/" for 127.0.0.1 at 2013-07-06 14:34:21 +0530
Processing by HomeController#index as HTML
  Rendered home/index.erb within layouts/application (0.1ms)
Completed 200 OK in 4ms (Views: 3.6ms)


Started GET "/" for 127.0.0.1 at 2013-07-06 14:34:35 +0530
Processing by HomeController#index as HTML
  Rendered home/index.erb within layouts/application (0.1ms)
Completed 200 OK in 2ms (Views: 1.5ms)


Started GET "/" for 127.0.0.1 at 2013-07-06 14:35:45 +0530
Processing by HomeController#index as HTML
  Rendered home/index.erb within layouts/application (0.1ms)
Completed 200 OK in 2ms (Views: 2.0ms)


Started GET "/" for 127.0.0.1 at 2013-07-06 14:36:24 +0530
Processing by HomeController#index as HTML
  Rendered home/index.erb within layouts/application (0.0ms)
Completed 200 OK in 1ms (Views: 1.1ms)


Started GET "/" for 127.0.0.1 at 2013-07-06 15:23:10 +0530
Processing by HomeController#index as HTML
  Rendered home/index.erb within layouts/application (3.3ms)
Completed 200 OK in 43ms (Views: 42.3ms)


Started GET "/" for 127.0.0.1 at 2013-07-07 11:33:41 +0530
Processing by HomeController#index as HTML
  Rendered home/index.erb within layouts/application (199.7ms)
Completed 200 OK in 273ms (Views: 272.3ms)


Started GET "/login" for 127.0.0.1 at 2013-07-07 11:46:33 +0530
Processing by HomeController#login as HTML
ETHON: Libcurl initialized
Completed 500 Internal Server Error in 11305ms

NoMethodError (undefined method `headers_has' for #<Typhoeus::Response:0x0000000289dbc0>):
  app/controllers/home_controller.rb:10:in `block in login'
  app/controllers/home_controller.rb:12:in `login'


  Rendered /var/lib/gems/1.9.1/gems/actionpack-3.2.13/lib/action_dispatch/middleware/templates/rescues/_trace.erb (2.5ms)
  Rendered /var/lib/gems/1.9.1/gems/actionpack-3.2.13/lib/action_dispatch/middleware/templates/rescues/_request_and_response.erb (1.0ms)
  Rendered /var/lib/gems/1.9.1/gems/actionpack-3.2.13/lib/action_dispatch/middleware/templates/rescues/diagnostics.erb within rescues/layout (12.9ms)


Started GET "/login" for 127.0.0.1 at 2013-07-07 11:49:40 +0530
Processing by HomeController#login as HTML
ETHON: performed EASY url= response_code=200 return_code=ok total_time=0.0
  Rendered home/login.erb within layouts/application (0.5ms)
Completed 200 OK in 6430ms (Views: 3.1ms)


Started GET "/login" for 127.0.0.1 at 2013-07-07 12:19:08 +0530
Processing by HomeController#login as HTML
ETHON: Libcurl initialized
ETHON: performed EASY url= response_code=200 return_code=ok total_time=0.0
  Rendered home/login.erb within layouts/application (80.1ms)
Completed 200 OK in 1808ms (Views: 179.2ms)


Started GET "/login" for 127.0.0.1 at 2013-07-07 12:19:39 +0530
Processing by HomeController#login as HTML
ETHON: performed EASY url= response_code=200 return_code=ok total_time=0.0
  Rendered home/login.erb within layouts/application (0.0ms)
Completed 200 OK in 105ms (Views: 2.4ms)


Started GET "/login" for 127.0.0.1 at 2013-07-07 12:23:49 +0530
Processing by HomeController#login as HTML
ETHON: performed EASY url= response_code=200 return_code=recv_error total_time=0.0
  Rendered home/login.erb within layouts/application (0.0ms)
Completed 200 OK in 6386ms (Views: 3.0ms)


Started GET "/login" for 127.0.0.1 at 2013-07-07 12:25:03 +0530
Processing by HomeController#login as HTML
ETHON: performed EASY url= response_code=200 return_code=recv_error total_time=0.0
  Rendered home/login.erb within layouts/application (0.9ms)
Completed 200 OK in 1338ms (Views: 5.0ms)


Started GET "/login" for 127.0.0.1 at 2013-07-07 12:29:02 +0530
Processing by HomeController#login as HTML
ETHON: performed EASY url= response_code=200 return_code=recv_error total_time=0.0
  Rendered home/login.erb within layouts/application (0.1ms)
Completed 200 OK in 6428ms (Views: 1.9ms)


Started GET "/login" for 127.0.0.1 at 2013-07-07 12:46:48 +0530
Processing by HomeController#login as HTML
ETHON: performed EASY url= response_code=200 return_code=recv_error total_time=0.0
  Rendered home/login.erb within layouts/application (0.8ms)
Completed 200 OK in 1883ms (Views: 5.3ms)


Started GET "/" for 127.0.0.1 at 2013-07-07 12:48:36 +0530
Processing by HomeController#index as HTML
  Rendered home/index.erb within layouts/application (4.8ms)
Completed 200 OK in 65ms (Views: 64.7ms)


Started GET "/" for 127.0.0.1 at 2013-07-07 12:49:15 +0530
Processing by HomeController#index as HTML
  Rendered home/index.erb within layouts/application (0.0ms)
Completed 200 OK in 3ms (Views: 2.7ms)


Started GET "/" for 127.0.0.1 at 2013-07-07 12:56:23 +0530
Processing by HomeController#index as HTML
  Rendered home/index.erb within layouts/application (2.4ms)
Completed 200 OK in 36ms (Views: 35.9ms)


Started GET "/" for 127.0.0.1 at 2013-07-07 12:56:28 +0530
Processing by HomeController#index as HTML
  Rendered home/index.erb within layouts/application (0.0ms)
Completed 200 OK in 2ms (Views: 1.4ms)


Started GET "/login" for 127.0.0.1 at 2013-07-07 12:56:39 +0530
Processing by HomeController#login as HTML
ETHON: Libcurl initialized
ETHON: performed EASY url= response_code=200 return_code=recv_error total_time=0.0
  Rendered home/login.erb within layouts/application (0.5ms)
Completed 200 OK in 2239ms (Views: 2.5ms)
